<?xml version="1.0" encoding="UTF-8"?>
<!-- Generated by org.testng.reporters.JUnitReportReporter -->
<testsuite hostname="DESKTOP-QQAAP4D" failures="0" tests="2" name="qaclickAcademy.MavenJava.SeleniumTest" time="0.002" errors="0" timestamp="2020-04-21T21:10:48 IST" skipped="0">
  <testcase classname="qaclickAcademy.MavenJava.SeleniumTest" name="elementsUi" time="0.001"/>
  <system-out/>
  <testcase classname="qaclickAcademy.MavenJava.SeleniumTest" name="browserAutomation" time="0.001"/>
  <system-out/>
</testsuite> <!-- qaclickAcademy.MavenJava.SeleniumTest -->
