<?xml version="1.0" encoding="UTF-8"?>
<!-- Generated by org.testng.reporters.JUnitReportReporter -->
<testsuite hostname="DESKTOP-QQAAP4D" failures="0" tests="1" name="qaclickAcademy.MavenJava.AppTest" time="0.001" errors="0" timestamp="2020-04-21T21:10:48 IST" skipped="0">
  <testcase classname="qaclickAcademy.MavenJava.AppTest" name="testApp" time="0.001"/>
  <system-out/>
</testsuite> <!-- qaclickAcademy.MavenJava.AppTest -->
