<?xml version="1.0" encoding="UTF-8"?>
<!-- Generated by org.testng.reporters.JUnitReportReporter -->
<testsuite skipped="0" hostname="DESKTOP-QQAAP4D" name="qaclickAcademy.MavenJava.RestAPITest" tests="2" failures="0" timestamp="2020-04-21T20:47:31 IST" time="0.011" errors="0">
  <testcase name="postJira" time="0.003" classname="qaclickAcademy.MavenJava.RestAPITest"/>
  <system-out/>
  <testcase name="deleteTwitter" time="0.008" classname="qaclickAcademy.MavenJava.RestAPITest"/>
  <system-out/>
</testsuite> <!-- qaclickAcademy.MavenJava.RestAPITest -->
