<?xml version="1.0" encoding="UTF-8"?>
<!-- Generated by org.testng.reporters.JUnitReportReporter -->
<testsuite hostname="DESKTOP-QQAAP4D" failures="0" tests="2" name="qaclickAcademy.MavenJava.RestAPITest" time="0.004" errors="0" timestamp="2020-04-24T12:30:56 IST" skipped="0">
  <testcase classname="qaclickAcademy.MavenJava.RestAPITest" name="deleteTwitter" time="0.004"/>
  <system-out/>
  <testcase classname="qaclickAcademy.MavenJava.RestAPITest" name="postJira" time="0.000"/>
  <system-out/>
</testsuite> <!-- qaclickAcademy.MavenJava.RestAPITest -->
