<?xml version="1.0" encoding="UTF-8"?>
<!-- Generated by org.testng.reporters.JUnitReportReporter -->
<testsuite hostname="DESKTOP-QQAAP4D" failures="0" tests="2" name="qaclickAcademy.MavenJava.SeleniumTest" time="0.000" errors="0" timestamp="2020-04-24T12:30:56 IST" skipped="0">
  <testcase classname="qaclickAcademy.MavenJava.SeleniumTest" name="elementsUi" time="0.000"/>
  <system-out/>
  <testcase classname="qaclickAcademy.MavenJava.SeleniumTest" name="browserAutomation" time="0.000"/>
  <system-out/>
</testsuite> <!-- qaclickAcademy.MavenJava.SeleniumTest -->
